This is pdfTeX, Version 3.14159265-2.6-1.40.21 (TeX Live 2020) (preloaded format=pdflatex 2021.2.24)  17 JUN 2024 12:58
entering extended mode
 restricted \write18 enabled.
 file:line:error style messages enabled.
 %&-line parsing enabled.
**"/Users/MarkusTraetli/Desktop/Masteroppgave final/LaTeX/main.tex"
(/Users/MarkusTraetli/Desktop/Masteroppgave final/LaTeX/main.tex
LaTeX2e <2020-02-02> patch level 5
L3 programming layer <2020-03-06> (/usr/local/texlive/2020/texmf-dist/tex/latex/base/article.cls
Document Class: article 2019/12/20 v1.4l Standard LaTeX document class
(/usr/local/texlive/2020/texmf-dist/tex/latex/base/size11.clo
File: size11.clo 2019/12/20 v1.4l Standard LaTeX file (size option)
)
\c@part=\count167
\c@section=\count168
\c@subsection=\count169
\c@subsubsection=\count170
\c@paragraph=\count171
\c@subparagraph=\count172
\c@figure=\count173
\c@table=\count174
\abovecaptionskip=\skip47
\belowcaptionskip=\skip48
\bibindent=\dimen134
) (/usr/local/texlive/2020/texmf-dist/tex/latex/base/fontenc.sty
Package: fontenc 2020/02/11 v2.0o Standard LaTeX package
) (/usr/local/texlive/2020/texmf-dist/tex/latex/base/inputenc.sty
Package: inputenc 2018/08/11 v1.3c Input encoding file
\inpenc@prehook=\toks15
\inpenc@posthook=\toks16
) (/usr/local/texlive/2020/texmf-dist/tex/latex/geometry/geometry.sty
Package: geometry 2020/01/02 v5.9 Page Geometry
 (/usr/local/texlive/2020/texmf-dist/tex/latex/graphics/keyval.sty
Package: keyval 2014/10/28 v1.15 key=value parser (DPC)
\KV@toks@=\toks17
) (/usr/local/texlive/2020/texmf-dist/tex/generic/iftex/ifvtex.sty
Package: ifvtex 2019/10/25 v1.7 ifvtex legacy package. Use iftex instead.
 (/usr/local/texlive/2020/texmf-dist/tex/generic/iftex/iftex.sty
Package: iftex 2020/03/06 v1.0d TeX engine tests
))
\Gm@cnth=\count175
\Gm@cntv=\count176
\c@Gm@tempcnt=\count177
\Gm@bindingoffset=\dimen135
\Gm@wd@mp=\dimen136
\Gm@odd@mp=\dimen137
\Gm@even@mp=\dimen138
\Gm@layoutwidth=\dimen139
\Gm@layoutheight=\dimen140
\Gm@layouthoffset=\dimen141
\Gm@layoutvoffset=\dimen142
\Gm@dimlist=\toks18
) (/usr/local/texlive/2020/texmf-dist/tex/latex/amsmath/amsmath.sty
Package: amsmath 2020/01/20 v2.17e AMS math features
\@mathmargin=\skip49

For additional information on amsmath, use the `?' option.
(/usr/local/texlive/2020/texmf-dist/tex/latex/amsmath/amstext.sty
Package: amstext 2000/06/29 v2.01 AMS text
 (/usr/local/texlive/2020/texmf-dist/tex/latex/amsmath/amsgen.sty
File: amsgen.sty 1999/11/30 v2.0 generic functions
\@emptytoks=\toks19
\ex@=\dimen143
)) (/usr/local/texlive/2020/texmf-dist/tex/latex/amsmath/amsbsy.sty
Package: amsbsy 1999/11/29 v1.2d Bold Symbols
\pmbraise@=\dimen144
) (/usr/local/texlive/2020/texmf-dist/tex/latex/amsmath/amsopn.sty
Package: amsopn 2016/03/08 v2.02 operator names
)
\inf@bad=\count178
LaTeX Info: Redefining \frac on input line 227.
\uproot@=\count179
\leftroot@=\count180
LaTeX Info: Redefining \overline on input line 389.
\classnum@=\count181
\DOTSCASE@=\count182
LaTeX Info: Redefining \ldots on input line 486.
LaTeX Info: Redefining \dots on input line 489.
LaTeX Info: Redefining \cdots on input line 610.
\Mathstrutbox@=\box45
\strutbox@=\box46
\big@size=\dimen145
LaTeX Font Info:    Redeclaring font encoding OML on input line 733.
LaTeX Font Info:    Redeclaring font encoding OMS on input line 734.
\macc@depth=\count183
\c@MaxMatrixCols=\count184
\dotsspace@=\muskip16
\c@parentequation=\count185
\dspbrk@lvl=\count186
\tag@help=\toks20
\row@=\count187
\column@=\count188
\maxfields@=\count189
\andhelp@=\toks21
\eqnshift@=\dimen146
\alignsep@=\dimen147
\tagshift@=\dimen148
\tagwidth@=\dimen149
\totwidth@=\dimen150
\lineht@=\dimen151
\@envbody=\toks22
\multlinegap=\skip50
\multlinetaggap=\skip51
\mathdisplay@stack=\toks23
LaTeX Info: Redefining \[ on input line 2859.
LaTeX Info: Redefining \] on input line 2860.
) (/usr/local/texlive/2020/texmf-dist/tex/latex/amsfonts/amsfonts.sty
Package: amsfonts 2013/01/14 v3.01 Basic AMSFonts support
\symAMSa=\mathgroup4
\symAMSb=\mathgroup5
LaTeX Font Info:    Redeclaring math symbol \hbar on input line 98.
LaTeX Font Info:    Overwriting math alphabet `\mathfrak' in version `bold'
(Font)                  U/euf/m/n --> U/euf/b/n on input line 106.
) (/usr/local/texlive/2020/texmf-dist/tex/latex/amsfonts/amssymb.sty
Package: amssymb 2013/01/14 v3.01 AMS font symbols
) (/usr/local/texlive/2020/texmf-dist/tex/latex/mathtools/mathtools.sty
Package: mathtools 2020/03/24 v1.24 mathematical typesetting tools
 (/usr/local/texlive/2020/texmf-dist/tex/latex/tools/calc.sty
Package: calc 2017/05/25 v4.3 Infix arithmetic (KKT,FJ)
\calc@Acount=\count190
\calc@Bcount=\count191
\calc@Adimen=\dimen152
\calc@Bdimen=\dimen153
\calc@Askip=\skip52
\calc@Bskip=\skip53
LaTeX Info: Redefining \setlength on input line 80.
LaTeX Info: Redefining \addtolength on input line 81.
\calc@Ccount=\count192
\calc@Cskip=\skip54
) (/usr/local/texlive/2020/texmf-dist/tex/latex/mathtools/mhsetup.sty
Package: mhsetup 2017/03/31 v1.3 programming setup (MH)
)
LaTeX Info: Thecontrolsequence`\('isalreadyrobust on input line 130.
LaTeX Info: Thecontrolsequence`\)'isalreadyrobust on input line 130.
LaTeX Info: Thecontrolsequence`\['isalreadyrobust on input line 130.
LaTeX Info: Thecontrolsequence`\]'isalreadyrobust on input line 130.
\g_MT_multlinerow_int=\count193
\l_MT_multwidth_dim=\dimen154
\origjot=\skip55
\l_MT_shortvdotswithinadjustabove_dim=\dimen155
\l_MT_shortvdotswithinadjustbelow_dim=\dimen156
\l_MT_above_intertext_sep=\dimen157
\l_MT_below_intertext_sep=\dimen158
\l_MT_above_shortintertext_sep=\dimen159
\l_MT_below_shortintertext_sep=\dimen160
\xmathstrut@box=\box47
\xmathstrut@dim=\dimen161
) (/usr/local/texlive/2020/texmf-dist/tex/latex/amscls/amsthm.sty
Package: amsthm 2017/10/31 v2.20.4
\thm@style=\toks24
\thm@bodyfont=\toks25
\thm@headfont=\toks26
\thm@notefont=\toks27
\thm@headpunct=\toks28
\thm@preskip=\skip56
\thm@postskip=\skip57
\thm@headsep=\skip58
\dth@everypar=\toks29
) (/usr/local/texlive/2020/texmf-dist/tex/latex/graphics/graphicx.sty
Package: graphicx 2019/11/30 v1.2a Enhanced LaTeX Graphics (DPC,SPQR)
 (/usr/local/texlive/2020/texmf-dist/tex/latex/graphics/graphics.sty
Package: graphics 2019/11/30 v1.4a Standard LaTeX Graphics (DPC,SPQR)
 (/usr/local/texlive/2020/texmf-dist/tex/latex/graphics/trig.sty
Package: trig 2016/01/03 v1.10 sin cos tan (DPC)
) (/usr/local/texlive/2020/texmf-dist/tex/latex/graphics-cfg/graphics.cfg
File: graphics.cfg 2016/06/04 v1.11 sample graphics configuration
)
Package graphics Info: Driver file: pdftex.def on input line 105.
 (/usr/local/texlive/2020/texmf-dist/tex/latex/graphics-def/pdftex.def
File: pdftex.def 2018/01/08 v1.0l Graphics/color driver for pdftex
))
\Gin@req@height=\dimen162
\Gin@req@width=\dimen163
) (/usr/local/texlive/2020/texmf-dist/tex/latex/caption/subcaption.sty
Package: subcaption 2020/01/22 v1.3d Sub-captions (AR)
 (/usr/local/texlive/2020/texmf-dist/tex/latex/caption/caption.sty
Package: caption 2020/01/03 v3.4h Customizing captions (AR)
 (/usr/local/texlive/2020/texmf-dist/tex/latex/caption/caption3.sty
Package: caption3 2020/01/03 v1.8h caption3 kernel (AR)
Package caption3 Info: TeX engine: e-TeX on input line 61.
\captionmargin=\dimen164
\captionmargin@=\dimen165
\captionwidth=\dimen166
\caption@tempdima=\dimen167
\caption@indent=\dimen168
\caption@parindent=\dimen169
\caption@hangindent=\dimen170
Package caption Info: Standard document class detected.
)
\c@caption@flags=\count194
\c@continuedfloat=\count195
)
\c@subfigure=\count196
\c@subtable=\count197
) (/usr/local/texlive/2020/texmf-dist/tex/latex/listings/listings.sty
\lst@mode=\count198
\lst@gtempboxa=\box48
\lst@token=\toks30
\lst@length=\count199
\lst@currlwidth=\dimen171
\lst@column=\count266
\lst@pos=\count267
\lst@lostspace=\dimen172
\lst@width=\dimen173
\lst@newlines=\count268
\lst@lineno=\count269
\lst@maxwidth=\dimen174
 (/usr/local/texlive/2020/texmf-dist/tex/latex/listings/lstmisc.sty
File: lstmisc.sty 2020/03/24 1.8d (Carsten Heinz)
\c@lstnumber=\count270
\lst@skipnumbers=\count271
\lst@framebox=\box49
) (/usr/local/texlive/2020/texmf-dist/tex/latex/listings/listings.cfg
File: listings.cfg 2020/03/24 1.8d listings configuration
))
Package: listings 2020/03/24 1.8d (Carsten Heinz)
 (/usr/local/texlive/2020/texmf-dist/tex/latex/setspace/setspace.sty
Package: setspace 2011/12/19 v6.7a set line spacing
) (/usr/local/texlive/2020/texmf-dist/tex/latex/parskip/parskip.sty
Package: parskip 2020-01-22 v2.0d non-zero parskip adjustments
 (/usr/local/texlive/2020/texmf-dist/tex/latex/kvoptions/kvoptions.sty
Package: kvoptions 2019/11/29 v3.13 Key value format for package options (HO)
 (/usr/local/texlive/2020/texmf-dist/tex/generic/ltxcmds/ltxcmds.sty
Package: ltxcmds 2019/12/15 v1.24 LaTeX kernel commands for general use (HO)
) (/usr/local/texlive/2020/texmf-dist/tex/generic/kvsetkeys/kvsetkeys.sty
Package: kvsetkeys 2019/12/15 v1.18 Key value parser (HO)
)) (/usr/local/texlive/2020/texmf-dist/tex/latex/etoolbox/etoolbox.sty
Package: etoolbox 2019/09/21 v2.5h e-TeX tools for LaTeX (JAW)
\etb@tempcnta=\count272
)) (/usr/local/texlive/2020/texmf-dist/tex/latex/placeins/placeins.sty
Package: placeins 2005/04/18  v 2.2
) (/usr/local/texlive/2020/texmf-dist/tex/latex/xcolor/xcolor.sty
Package: xcolor 2016/05/11 v2.12 LaTeX color extensions (UK)
 (/usr/local/texlive/2020/texmf-dist/tex/latex/graphics-cfg/color.cfg
File: color.cfg 2016/01/02 v1.6 sample color configuration
)
Package xcolor Info: Driver file: pdftex.def on input line 225.
Package xcolor Info: Model `cmy' substituted by `cmy0' on input line 1348.
Package xcolor Info: Model `hsb' substituted by `rgb' on input line 1352.
Package xcolor Info: Model `RGB' extended on input line 1364.
Package xcolor Info: Model `HTML' substituted by `rgb' on input line 1366.
Package xcolor Info: Model `Hsb' substituted by `hsb' on input line 1367.
Package xcolor Info: Model `tHsb' substituted by `hsb' on input line 1368.
Package xcolor Info: Model `HSB' substituted by `hsb' on input line 1369.
Package xcolor Info: Model `Gray' substituted by `gray' on input line 1370.
Package xcolor Info: Model `wave' substituted by `hsb' on input line 1371.
 (/usr/local/texlive/2020/texmf-dist/tex/latex/graphics/dvipsnam.def
File: dvipsnam.def 2016/06/17 v3.0m Driver-dependent file (DPC,SPQR)
) (/usr/local/texlive/2020/texmf-dist/tex/latex/xcolor/svgnam.def
File: svgnam.def 2016/05/11 v2.12 Predefined colors according to SVG 1.1 (UK)
)) (/usr/local/texlive/2020/texmf-dist/tex/latex/hyperref/hyperref.sty
Package: hyperref 2020/01/14 v7.00d Hypertext links for LaTeX
 (/usr/local/texlive/2020/texmf-dist/tex/latex/pdftexcmds/pdftexcmds.sty
Package: pdftexcmds 2019/11/24 v0.31 Utility functions of pdfTeX for LuaTeX (HO)
 (/usr/local/texlive/2020/texmf-dist/tex/generic/infwarerr/infwarerr.sty
Package: infwarerr 2019/12/03 v1.5 Providing info/warning/error messages (HO)
)
Package pdftexcmds Info: \pdf@primitive is available.
Package pdftexcmds Info: \pdf@ifprimitive is available.
Package pdftexcmds Info: \pdfdraftmode found.
) (/usr/local/texlive/2020/texmf-dist/tex/generic/kvdefinekeys/kvdefinekeys.sty
Package: kvdefinekeys 2019-12-19 v1.6 Define keys (HO)
) (/usr/local/texlive/2020/texmf-dist/tex/generic/pdfescape/pdfescape.sty
Package: pdfescape 2019/12/09 v1.15 Implements pdfTeX's escape features (HO)
) (/usr/local/texlive/2020/texmf-dist/tex/latex/hycolor/hycolor.sty
Package: hycolor 2020-01-27 v1.10 Color options for hyperref/bookmark (HO)
) (/usr/local/texlive/2020/texmf-dist/tex/latex/letltxmacro/letltxmacro.sty
Package: letltxmacro 2019/12/03 v1.6 Let assignment for LaTeX macros (HO)
) (/usr/local/texlive/2020/texmf-dist/tex/latex/auxhook/auxhook.sty
Package: auxhook 2019-12-17 v1.6 Hooks for auxiliary files (HO)
)
\@linkdim=\dimen175
\Hy@linkcounter=\count273
\Hy@pagecounter=\count274
 (/usr/local/texlive/2020/texmf-dist/tex/latex/hyperref/pd1enc.def
File: pd1enc.def 2020/01/14 v7.00d Hyperref: PDFDocEncoding definition (HO)
Now handling font encoding PD1 ...
... no UTF-8 mapping file for font encoding PD1
) (/usr/local/texlive/2020/texmf-dist/tex/generic/intcalc/intcalc.sty
Package: intcalc 2019/12/15 v1.3 Expandable calculations with integers (HO)
) (/usr/local/texlive/2020/texmf-dist/tex/generic/etexcmds/etexcmds.sty
Package: etexcmds 2019/12/15 v1.7 Avoid name clashes with e-TeX commands (HO)
)
\Hy@SavedSpaceFactor=\count275
Package hyperref Info: Hyper figures OFF on input line 4547.
Package hyperref Info: Link nesting OFF on input line 4552.
Package hyperref Info: Hyper index ON on input line 4555.
Package hyperref Info: Plain pages OFF on input line 4562.
Package hyperref Info: Backreferencing OFF on input line 4567.
Package hyperref Info: Implicit mode ON; LaTeX internals redefined.
Package hyperref Info: Bookmarks ON on input line 4800.
\c@Hy@tempcnt=\count276
 (/usr/local/texlive/2020/texmf-dist/tex/latex/url/url.sty
\Urlmuskip=\muskip17
Package: url 2013/09/16  ver 3.4  Verb mode for urls, etc.
)
LaTeX Info: Redefining \url on input line 5159.
\XeTeXLinkMargin=\dimen176
 (/usr/local/texlive/2020/texmf-dist/tex/generic/bitset/bitset.sty
Package: bitset 2019/12/09 v1.3 Handle bit-vector datatype (HO)
 (/usr/local/texlive/2020/texmf-dist/tex/generic/bigintcalc/bigintcalc.sty
Package: bigintcalc 2019/12/15 v1.5 Expandable calculations on big integers (HO)
))
\Fld@menulength=\count277
\Field@Width=\dimen177
\Fld@charsize=\dimen178
Package hyperref Info: Hyper figures OFF on input line 6430.
Package hyperref Info: Link nesting OFF on input line 6435.
Package hyperref Info: Hyper index ON on input line 6438.
Package hyperref Info: backreferencing OFF on input line 6445.
Package hyperref Info: Link coloring OFF on input line 6450.
Package hyperref Info: Link coloring with OCG OFF on input line 6455.
Package hyperref Info: PDF/A mode OFF on input line 6460.
LaTeX Info: Redefining \ref on input line 6500.
LaTeX Info: Redefining \pageref on input line 6504.
 (/usr/local/texlive/2020/texmf-dist/tex/generic/atbegshi/atbegshi.sty
Package: atbegshi 2019/12/05 v1.19 At begin shipout hook (HO)
)
\Hy@abspage=\count278
\c@Item=\count279
\c@Hfootnote=\count280
)
Package hyperref Info: Driver (autodetected): hpdftex.
 (/usr/local/texlive/2020/texmf-dist/tex/latex/hyperref/hpdftex.def
File: hpdftex.def 2020/01/14 v7.00d Hyperref driver for pdfTeX
 (/usr/local/texlive/2020/texmf-dist/tex/latex/atveryend/atveryend.sty
Package: atveryend 2019-12-11 v1.11 Hooks at the very end of document (HO)
)
\Fld@listcount=\count281
\c@bookmark@seq@number=\count282
 (/usr/local/texlive/2020/texmf-dist/tex/latex/rerunfilecheck/rerunfilecheck.sty
Package: rerunfilecheck 2019/12/05 v1.9 Rerun checks for auxiliary files (HO)
 (/usr/local/texlive/2020/texmf-dist/tex/generic/uniquecounter/uniquecounter.sty
Package: uniquecounter 2019/12/15 v1.4 Provide unlimited unique counter (HO)
)
Package uniquecounter Info: New unique counter `rerunfilecheck' on input line 286.
)
\Hy@SectionHShift=\skip59
) (/usr/local/texlive/2020/texmf-dist/tex/latex/natbib/natbib.sty
Package: natbib 2010/09/13 8.31b (PWD, AO)
\bibhang=\skip60
\bibsep=\skip61
LaTeX Info: Redefining \cite on input line 694.
\c@NAT@ctr=\count283
) (/usr/local/texlive/2020/texmf-dist/tex/latex/booktabs/booktabs.sty
Package: booktabs 2020/01/12 v1.61803398 Publication quality tables
\heavyrulewidth=\dimen179
\lightrulewidth=\dimen180
\cmidrulewidth=\dimen181
\belowrulesep=\dimen182
\belowbottomsep=\dimen183
\aboverulesep=\dimen184
\abovetopsep=\dimen185
\cmidrulesep=\dimen186
\cmidrulekern=\dimen187
\defaultaddspace=\dimen188
\@cmidla=\count284
\@cmidlb=\count285
\@aboverulesep=\dimen189
\@belowrulesep=\dimen190
\@thisruleclass=\count286
\@lastruleclass=\count287
\@thisrulewidth=\dimen191
) (/usr/local/texlive/2020/texmf-dist/tex/latex/tools/tabularx.sty
Package: tabularx 2020/01/15 v2.11c `tabularx' package (DPC)
 (/usr/local/texlive/2020/texmf-dist/tex/latex/tools/array.sty
Package: array 2019/08/31 v2.4l Tabular extension package (FMi)
\col@sep=\dimen192
\ar@mcellbox=\box50
\extrarowheight=\dimen193
\NC@list=\toks31
\extratabsurround=\skip62
\backup@length=\skip63
\ar@cellbox=\box51
)
\TX@col@width=\dimen194
\TX@old@table=\dimen195
\TX@old@col=\dimen196
\TX@target=\dimen197
\TX@delta=\dimen198
\TX@cols=\count288
\TX@ftn=\toks32
) (/usr/local/texlive/2020/texmf-dist/tex/latex/ragged2e/ragged2e.sty
Package: ragged2e 2019/07/28 v2.2 ragged2e Package (MS)
 (/usr/local/texlive/2020/texmf-dist/tex/latex/ms/everysel.sty
Package: everysel 2011/10/28 v1.2 EverySelectfont Package (MS)
)
\CenteringLeftskip=\skip64
\RaggedLeftLeftskip=\skip65
\RaggedRightLeftskip=\skip66
\CenteringRightskip=\skip67
\RaggedLeftRightskip=\skip68
\RaggedRightRightskip=\skip69
\CenteringParfillskip=\skip70
\RaggedLeftParfillskip=\skip71
\RaggedRightParfillskip=\skip72
\JustifyingParfillskip=\skip73
\CenteringParindent=\skip74
\RaggedLeftParindent=\skip75
\RaggedRightParindent=\skip76
\JustifyingParindent=\skip77
) (/usr/local/texlive/2020/texmf-dist/tex/latex/svg/svg.sty
Package: svg 2020/01/13 v2.02e (include SVG pictures)
 (/usr/local/texlive/2020/texmf-dist/tex/latex/koma-script/scrbase.sty
Package: scrbase 2020/01/24 v3.29 KOMA-Script package (KOMA-Script-independent basics and keyval usage)
 (/usr/local/texlive/2020/texmf-dist/tex/latex/koma-script/scrlfile.sty
Package: scrlfile 2020/01/24 v3.29 KOMA-Script package (loading files)
)) (/usr/local/texlive/2020/texmf-dist/tex/latex/tools/shellesc.sty
Package: shellesc 2019/11/08 v1.0c unified shell escape interface for LaTeX
Package shellesc Info: Restricted shell escape enabled on input line 77.
) (/usr/local/texlive/2020/texmf-dist/tex/latex/trimspaces/trimspaces.sty
Package: trimspaces 2009/09/17 v1.1 Trim spaces around a token list
)
\svg@box=\box52
\c@svg@param@lastpage=\count289
\c@svg@param@currpage=\count290
) (/usr/local/texlive/2020/texmf-dist/tex/latex/transparent/transparent.sty
Package: transparent 2019/11/29 v1.4 Transparency via pdfTeX's color stack (HO)
) (/usr/local/texlive/2020/texmf-dist/tex/latex/titlesec/titlesec.sty
Package: titlesec 2019/10/16 v2.13 Sectioning titles
\ttl@box=\box53
\beforetitleunit=\skip78
\aftertitleunit=\skip79
\ttl@plus=\dimen199
\ttl@minus=\dimen256
\ttl@toksa=\toks33
\titlewidth=\dimen257
\titlewidthlast=\dimen258
\titlewidthfirst=\dimen259
) (/usr/local/texlive/2020/texmf-dist/tex/latex/pgf/frontendlayer/tikz.sty (/usr/local/texlive/2020/texmf-dist/tex/latex/pgf/basiclayer/pgf.sty (/usr/local/texlive/2020/texmf-dist/tex/latex/pgf/utilities/pgfrcs.sty (/usr/local/texlive/2020/texmf-dist/tex/generic/pgf/utilities/pgfutil-common.tex
\pgfutil@everybye=\toks34
\pgfutil@tempdima=\dimen260
\pgfutil@tempdimb=\dimen261
 (/usr/local/texlive/2020/texmf-dist/tex/generic/pgf/utilities/pgfutil-common-lists.tex)) (/usr/local/texlive/2020/texmf-dist/tex/generic/pgf/utilities/pgfutil-latex.def
\pgfutil@abb=\box54
 (/usr/local/texlive/2020/texmf-dist/tex/latex/ms/everyshi.sty
Package: everyshi 2001/05/15 v3.00 EveryShipout Package (MS)
)) (/usr/local/texlive/2020/texmf-dist/tex/generic/pgf/utilities/pgfrcs.code.tex (/usr/local/texlive/2020/texmf-dist/tex/generic/pgf/pgf.revision.tex)
Package: pgfrcs 2020/01/08 v3.1.5b (3.1.5b)
))
Package: pgf 2020/01/08 v3.1.5b (3.1.5b)
 (/usr/local/texlive/2020/texmf-dist/tex/latex/pgf/basiclayer/pgfcore.sty (/usr/local/texlive/2020/texmf-dist/tex/latex/pgf/systemlayer/pgfsys.sty (/usr/local/texlive/2020/texmf-dist/tex/generic/pgf/systemlayer/pgfsys.code.tex
Package: pgfsys 2020/01/08 v3.1.5b (3.1.5b)
 (/usr/local/texlive/2020/texmf-dist/tex/generic/pgf/utilities/pgfkeys.code.tex
\pgfkeys@pathtoks=\toks35
\pgfkeys@temptoks=\toks36
 (/usr/local/texlive/2020/texmf-dist/tex/generic/pgf/utilities/pgfkeysfiltered.code.tex
\pgfkeys@tmptoks=\toks37
))
\pgf@x=\dimen262
\pgf@y=\dimen263
\pgf@xa=\dimen264
\pgf@ya=\dimen265
\pgf@xb=\dimen266
\pgf@yb=\dimen267
\pgf@xc=\dimen268
\pgf@yc=\dimen269
\pgf@xd=\dimen270
\pgf@yd=\dimen271
\w@pgf@writea=\write3
\r@pgf@reada=\read2
\c@pgf@counta=\count291
\c@pgf@countb=\count292
\c@pgf@countc=\count293
\c@pgf@countd=\count294
\t@pgf@toka=\toks38
\t@pgf@tokb=\toks39
\t@pgf@tokc=\toks40
\pgf@sys@id@count=\count295
 (/usr/local/texlive/2020/texmf-dist/tex/generic/pgf/systemlayer/pgf.cfg
File: pgf.cfg 2020/01/08 v3.1.5b (3.1.5b)
)
Driver file for pgf: pgfsys-pdftex.def
 (/usr/local/texlive/2020/texmf-dist/tex/generic/pgf/systemlayer/pgfsys-pdftex.def
File: pgfsys-pdftex.def 2020/01/08 v3.1.5b (3.1.5b)
 (/usr/local/texlive/2020/texmf-dist/tex/generic/pgf/systemlayer/pgfsys-common-pdf.def
File: pgfsys-common-pdf.def 2020/01/08 v3.1.5b (3.1.5b)
))) (/usr/local/texlive/2020/texmf-dist/tex/generic/pgf/systemlayer/pgfsyssoftpath.code.tex
File: pgfsyssoftpath.code.tex 2020/01/08 v3.1.5b (3.1.5b)
\pgfsyssoftpath@smallbuffer@items=\count296
\pgfsyssoftpath@bigbuffer@items=\count297
) (/usr/local/texlive/2020/texmf-dist/tex/generic/pgf/systemlayer/pgfsysprotocol.code.tex
File: pgfsysprotocol.code.tex 2020/01/08 v3.1.5b (3.1.5b)
)) (/usr/local/texlive/2020/texmf-dist/tex/generic/pgf/basiclayer/pgfcore.code.tex
Package: pgfcore 2020/01/08 v3.1.5b (3.1.5b)
 (/usr/local/texlive/2020/texmf-dist/tex/generic/pgf/math/pgfmath.code.tex (/usr/local/texlive/2020/texmf-dist/tex/generic/pgf/math/pgfmathcalc.code.tex (/usr/local/texlive/2020/texmf-dist/tex/generic/pgf/math/pgfmathutil.code.tex) (/usr/local/texlive/2020/texmf-dist/tex/generic/pgf/math/pgfmathparser.code.tex
\pgfmath@dimen=\dimen272
\pgfmath@count=\count298
\pgfmath@box=\box55
\pgfmath@toks=\toks41
\pgfmath@stack@operand=\toks42
\pgfmath@stack@operation=\toks43
) (/usr/local/texlive/2020/texmf-dist/tex/generic/pgf/math/pgfmathfunctions.code.tex (/usr/local/texlive/2020/texmf-dist/tex/generic/pgf/math/pgfmathfunctions.basic.code.tex) (/usr/local/texlive/2020/texmf-dist/tex/generic/pgf/math/pgfmathfunctions.trigonometric.code.tex) (/usr/local/texlive/2020/texmf-dist/tex/generic/pgf/math/pgfmathfunctions.random.code.tex) (/usr/local/texlive/2020/texmf-dist/tex/generic/pgf/math/pgfmathfunctions.comparison.code.tex) (/usr/local/texlive/2020/texmf-dist/tex/generic/pgf/math/pgfmathfunctions.base.code.tex) (/usr/local/texlive/2020/texmf-dist/tex/generic/pgf/math/pgfmathfunctions.round.code.tex) (/usr/local/texlive/2020/texmf-dist/tex/generic/pgf/math/pgfmathfunctions.misc.code.tex) (/usr/local/texlive/2020/texmf-dist/tex/generic/pgf/math/pgfmathfunctions.integerarithmetics.code.tex))) (/usr/local/texlive/2020/texmf-dist/tex/generic/pgf/math/pgfmathfloat.code.tex
\c@pgfmathroundto@lastzeros=\count299
)) (/usr/local/texlive/2020/texmf-dist/tex/generic/pgf/math/pgfint.code.tex) (/usr/local/texlive/2020/texmf-dist/tex/generic/pgf/basiclayer/pgfcorepoints.code.tex
File: pgfcorepoints.code.tex 2020/01/08 v3.1.5b (3.1.5b)
\pgf@picminx=\dimen273
\pgf@picmaxx=\dimen274
\pgf@picminy=\dimen275
\pgf@picmaxy=\dimen276
\pgf@pathminx=\dimen277
\pgf@pathmaxx=\dimen278
\pgf@pathminy=\dimen279
\pgf@pathmaxy=\dimen280
\pgf@xx=\dimen281
\pgf@xy=\dimen282
\pgf@yx=\dimen283
\pgf@yy=\dimen284
\pgf@zx=\dimen285
\pgf@zy=\dimen286
) (/usr/local/texlive/2020/texmf-dist/tex/generic/pgf/basiclayer/pgfcorepathconstruct.code.tex
File: pgfcorepathconstruct.code.tex 2020/01/08 v3.1.5b (3.1.5b)
\pgf@path@lastx=\dimen287
\pgf@path@lasty=\dimen288
) (/usr/local/texlive/2020/texmf-dist/tex/generic/pgf/basiclayer/pgfcorepathusage.code.tex
File: pgfcorepathusage.code.tex 2020/01/08 v3.1.5b (3.1.5b)
\pgf@shorten@end@additional=\dimen289
\pgf@shorten@start@additional=\dimen290
) (/usr/local/texlive/2020/texmf-dist/tex/generic/pgf/basiclayer/pgfcorescopes.code.tex
File: pgfcorescopes.code.tex 2020/01/08 v3.1.5b (3.1.5b)
\pgfpic=\box56
\pgf@hbox=\box57
\pgf@layerbox@main=\box58
\pgf@picture@serial@count=\count300
) (/usr/local/texlive/2020/texmf-dist/tex/generic/pgf/basiclayer/pgfcoregraphicstate.code.tex
File: pgfcoregraphicstate.code.tex 2020/01/08 v3.1.5b (3.1.5b)
\pgflinewidth=\dimen291
) (/usr/local/texlive/2020/texmf-dist/tex/generic/pgf/basiclayer/pgfcoretransformations.code.tex
File: pgfcoretransformations.code.tex 2020/01/08 v3.1.5b (3.1.5b)
\pgf@pt@x=\dimen292
\pgf@pt@y=\dimen293
\pgf@pt@temp=\dimen294
) (/usr/local/texlive/2020/texmf-dist/tex/generic/pgf/basiclayer/pgfcorequick.code.tex
File: pgfcorequick.code.tex 2020/01/08 v3.1.5b (3.1.5b)
) (/usr/local/texlive/2020/texmf-dist/tex/generic/pgf/basiclayer/pgfcoreobjects.code.tex
File: pgfcoreobjects.code.tex 2020/01/08 v3.1.5b (3.1.5b)
) (/usr/local/texlive/2020/texmf-dist/tex/generic/pgf/basiclayer/pgfcorepathprocessing.code.tex
File: pgfcorepathprocessing.code.tex 2020/01/08 v3.1.5b (3.1.5b)
) (/usr/local/texlive/2020/texmf-dist/tex/generic/pgf/basiclayer/pgfcorearrows.code.tex
File: pgfcorearrows.code.tex 2020/01/08 v3.1.5b (3.1.5b)
\pgfarrowsep=\dimen295
) (/usr/local/texlive/2020/texmf-dist/tex/generic/pgf/basiclayer/pgfcoreshade.code.tex
File: pgfcoreshade.code.tex 2020/01/08 v3.1.5b (3.1.5b)
\pgf@max=\dimen296
\pgf@sys@shading@range@num=\count301
\pgf@shadingcount=\count302
) (/usr/local/texlive/2020/texmf-dist/tex/generic/pgf/basiclayer/pgfcoreimage.code.tex
File: pgfcoreimage.code.tex 2020/01/08 v3.1.5b (3.1.5b)
 (/usr/local/texlive/2020/texmf-dist/tex/generic/pgf/basiclayer/pgfcoreexternal.code.tex
File: pgfcoreexternal.code.tex 2020/01/08 v3.1.5b (3.1.5b)
\pgfexternal@startupbox=\box59
)) (/usr/local/texlive/2020/texmf-dist/tex/generic/pgf/basiclayer/pgfcorelayers.code.tex
File: pgfcorelayers.code.tex 2020/01/08 v3.1.5b (3.1.5b)
) (/usr/local/texlive/2020/texmf-dist/tex/generic/pgf/basiclayer/pgfcoretransparency.code.tex
File: pgfcoretransparency.code.tex 2020/01/08 v3.1.5b (3.1.5b)
) (/usr/local/texlive/2020/texmf-dist/tex/generic/pgf/basiclayer/pgfcorepatterns.code.tex
File: pgfcorepatterns.code.tex 2020/01/08 v3.1.5b (3.1.5b)
) (/usr/local/texlive/2020/texmf-dist/tex/generic/pgf/basiclayer/pgfcorerdf.code.tex
File: pgfcorerdf.code.tex 2020/01/08 v3.1.5b (3.1.5b)
))) (/usr/local/texlive/2020/texmf-dist/tex/generic/pgf/modules/pgfmoduleshapes.code.tex
File: pgfmoduleshapes.code.tex 2020/01/08 v3.1.5b (3.1.5b)
\pgfnodeparttextbox=\box60
) (/usr/local/texlive/2020/texmf-dist/tex/generic/pgf/modules/pgfmoduleplot.code.tex
File: pgfmoduleplot.code.tex 2020/01/08 v3.1.5b (3.1.5b)
) (/usr/local/texlive/2020/texmf-dist/tex/latex/pgf/compatibility/pgfcomp-version-0-65.sty
Package: pgfcomp-version-0-65 2020/01/08 v3.1.5b (3.1.5b)
\pgf@nodesepstart=\dimen297
\pgf@nodesepend=\dimen298
) (/usr/local/texlive/2020/texmf-dist/tex/latex/pgf/compatibility/pgfcomp-version-1-18.sty
Package: pgfcomp-version-1-18 2020/01/08 v3.1.5b (3.1.5b)
)) (/usr/local/texlive/2020/texmf-dist/tex/latex/pgf/utilities/pgffor.sty (/usr/local/texlive/2020/texmf-dist/tex/latex/pgf/utilities/pgfkeys.sty (/usr/local/texlive/2020/texmf-dist/tex/generic/pgf/utilities/pgfkeys.code.tex)) (/usr/local/texlive/2020/texmf-dist/tex/latex/pgf/math/pgfmath.sty (/usr/local/texlive/2020/texmf-dist/tex/generic/pgf/math/pgfmath.code.tex)) (/usr/local/texlive/2020/texmf-dist/tex/generic/pgf/utilities/pgffor.code.tex
Package: pgffor 2020/01/08 v3.1.5b (3.1.5b)
 (/usr/local/texlive/2020/texmf-dist/tex/generic/pgf/math/pgfmath.code.tex)
\pgffor@iter=\dimen299
\pgffor@skip=\dimen300
\pgffor@stack=\toks44
\pgffor@toks=\toks45
)) (/usr/local/texlive/2020/texmf-dist/tex/generic/pgf/frontendlayer/tikz/tikz.code.tex
Package: tikz 2020/01/08 v3.1.5b (3.1.5b)
 (/usr/local/texlive/2020/texmf-dist/tex/generic/pgf/libraries/pgflibraryplothandlers.code.tex
File: pgflibraryplothandlers.code.tex 2020/01/08 v3.1.5b (3.1.5b)
\pgf@plot@mark@count=\count303
\pgfplotmarksize=\dimen301
)
\tikz@lastx=\dimen302
\tikz@lasty=\dimen303
\tikz@lastxsaved=\dimen304
\tikz@lastysaved=\dimen305
\tikz@lastmovetox=\dimen306
\tikz@lastmovetoy=\dimen307
\tikzleveldistance=\dimen308
\tikzsiblingdistance=\dimen309
\tikz@figbox=\box61
\tikz@figbox@bg=\box62
\tikz@tempbox=\box63
\tikz@tempbox@bg=\box64
\tikztreelevel=\count304
\tikznumberofchildren=\count305
\tikznumberofcurrentchild=\count306
\tikz@fig@count=\count307
 (/usr/local/texlive/2020/texmf-dist/tex/generic/pgf/modules/pgfmodulematrix.code.tex
File: pgfmodulematrix.code.tex 2020/01/08 v3.1.5b (3.1.5b)
\pgfmatrixcurrentrow=\count308
\pgfmatrixcurrentcolumn=\count309
\pgf@matrix@numberofcolumns=\count310
)
\tikz@expandcount=\count311

(/usr/local/texlive/2020/texmf-dist/tex/generic/pgf/frontendlayer/tikz/libraries/tikzlibrarytopaths.code.tex
File: tikzlibrarytopaths.code.tex 2020/01/08 v3.1.5b (3.1.5b)
))) (/usr/local/texlive/2020/texmf-dist/tex/latex/hyphenat/hyphenat.sty
Package: hyphenat 2009/09/02 v2.3c hyphenation utilities


Package hyphenat Warning: *******************************
(hyphenat)                * You have used the htt option.
(hyphenat)                * You are likely to get many Font Warning messages.
(hyphenat)                * These can usually be ignored.
(hyphenat)                *******************************.

\langwohyphens=\language86
LaTeX Info: Redefining \_ on input line 43.
)
\c@subsubsubsection=\count312
 (/usr/local/texlive/2020/texmf-dist/tex/latex/enumitem/enumitem.sty
Package: enumitem 2019/06/20 v3.9 Customized lists
\labelindent=\skip80
\enit@outerparindent=\dimen310
\enit@toks=\toks46
\enit@inbox=\box65
\enit@count@id=\count313
\enitdp@description=\count314
) (/usr/local/texlive/2020/texmf-dist/tex/latex/listings/lstlang1.sty
File: lstlang1.sty 2020/03/24 1.8d listings language file
) (/usr/local/texlive/2020/texmf-dist/tex/latex/listings/lstlang2.sty
File: lstlang2.sty 2020/03/24 1.8d listings language file
) (/usr/local/texlive/2020/texmf-dist/tex/latex/listings/lstlang3.sty
File: lstlang3.sty 2020/03/24 1.8d listings language file
) (/usr/local/texlive/2020/texmf-dist/tex/latex/l3backend/l3backend-pdfmode.def
File: l3backend-pdfmode.def 2020-03-12 L3 backend support: PDF mode
\l__kernel_color_stack_int=\count315
\l__pdf_internal_box=\box66
) (/Users/MarkusTraetli/Desktop/Masteroppgave final/LaTeX/main.aux)
\openout1 = `main.aux'.

LaTeX Font Info:    Checking defaults for OML/cmm/m/it on input line 103.
LaTeX Font Info:    ... okay on input line 103.
LaTeX Font Info:    Checking defaults for OMS/cmsy/m/n on input line 103.
LaTeX Font Info:    ... okay on input line 103.
LaTeX Font Info:    Checking defaults for OT1/cmr/m/n on input line 103.
LaTeX Font Info:    ... okay on input line 103.
LaTeX Font Info:    Checking defaults for T1/cmr/m/n on input line 103.
LaTeX Font Info:    ... okay on input line 103.
LaTeX Font Info:    Checking defaults for TS1/cmr/m/n on input line 103.
LaTeX Font Info:    ... okay on input line 103.
LaTeX Font Info:    Checking defaults for OMX/cmex/m/n on input line 103.
LaTeX Font Info:    ... okay on input line 103.
LaTeX Font Info:    Checking defaults for U/cmr/m/n on input line 103.
LaTeX Font Info:    ... okay on input line 103.
LaTeX Font Info:    Checking defaults for PD1/pdf/m/n on input line 103.
LaTeX Font Info:    ... okay on input line 103.

*geometry* driver: auto-detecting
*geometry* detected driver: pdftex
*geometry* verbose mode - [ preamble ] result:
* driver: pdftex
* paper: b5paper
* layout: <same size as paper>
* layoutoffset:(h,v)=(0.0pt,0.0pt)
* modes: twoside 
* h-part:(L,W,R)=(60.09283pt, 350.5364pt, 90.13925pt)
* v-part:(T,H,B)=(85.35913pt, 497.92105pt, 128.03871pt)
* \paperwidth=500.7685pt
* \paperheight=711.3189pt
* \textwidth=350.5364pt
* \textheight=497.92105pt
* \oddsidemargin=-12.17715pt
* \evensidemargin=17.86926pt
* \topmargin=-23.91086pt
* \headheight=12.0pt
* \headsep=25.0pt
* \topskip=11.0pt
* \footskip=30.0pt
* \marginparwidth=47.0pt
* \marginparsep=10.0pt
* \columnsep=10.0pt
* \skip\footins=10.0pt plus 4.0pt minus 2.0pt
* \hoffset=0.0pt
* \voffset=0.0pt
* \mag=1000
* \@twocolumnfalse
* \@twosidetrue
* \@mparswitchtrue
* \@reversemarginfalse
* (1in=72.27pt=25.4mm, 1cm=28.453pt)

(/usr/local/texlive/2020/texmf-dist/tex/context/base/mkii/supp-pdf.mkii
[Loading MPS to PDF converter (version 2006.09.02).]
\scratchcounter=\count316
\scratchdimen=\dimen311
\scratchbox=\box67
\nofMPsegments=\count317
\nofMParguments=\count318
\everyMPshowfont=\toks47
\MPscratchCnt=\count319
\MPscratchDim=\dimen312
\MPnumerator=\count320
\makeMPintoPDFobject=\count321
\everyMPtoPDFconversion=\toks48
) (/usr/local/texlive/2020/texmf-dist/tex/latex/epstopdf-pkg/epstopdf-base.sty
Package: epstopdf-base 2020-01-24 v2.11 Base part for package epstopdf
Package epstopdf-base Info: Redefining graphics rule for `.eps' on input line 485.
 (/usr/local/texlive/2020/texmf-dist/tex/latex/latexconfig/epstopdf-sys.cfg
File: epstopdf-sys.cfg 2010/07/13 v1.3 Configuration of (r)epstopdf for TeX Live
))
Package caption Info: Begin \AtBeginDocument code.
Package caption Info: hyperref package is loaded.
Package caption Info: listings package is loaded.
Package caption Info: End \AtBeginDocument code.
\c@lstlisting=\count322
\AtBeginShipoutBox=\box68
Package hyperref Info: Link coloring OFF on input line 103.
 (/usr/local/texlive/2020/texmf-dist/tex/latex/hyperref/nameref.sty
Package: nameref 2019/09/16 v2.46 Cross-referencing by name of section
 (/usr/local/texlive/2020/texmf-dist/tex/latex/refcount/refcount.sty
Package: refcount 2019/12/15 v3.6 Data extraction from label references (HO)
) (/usr/local/texlive/2020/texmf-dist/tex/generic/gettitlestring/gettitlestring.sty
Package: gettitlestring 2019/12/15 v1.6 Cleanup title references (HO)
)
\c@section@level=\count323
)
LaTeX Info: Redefining \ref on input line 103.
LaTeX Info: Redefining \pageref on input line 103.
LaTeX Info: Redefining \nameref on input line 103.
 (/Users/MarkusTraetli/Desktop/Masteroppgave final/LaTeX/main.out) (/Users/MarkusTraetli/Desktop/Masteroppgave final/LaTeX/main.out)
\@outlinefile=\write4
\openout4 = `main.out'.

 ABD: EverySelectfont initializing macros
LaTeX Info: Redefining \selectfont on input line 103.
 ABD: EveryShipout initializing macros
LaTeX Font Info:    Trying to load font information for T1+cmtt on input line 103.
 (/usr/local/texlive/2020/texmf-dist/tex/latex/base/t1cmtt.fd
File: t1cmtt.fd 2019/12/16 v2.5j Standard LaTeX font definitions
)

LaTeX Font Warning: Font shape `T1/cmtt/m/scsl' undefined
(Font)              using `T1/cmtt/m/sc' instead on input line 103.


LaTeX Font Warning: Font shape `T1/cmtt/b/n' undefined
(Font)              using `T1/cmtt/m/n' instead on input line 103.


LaTeX Font Warning: Font shape `T1/cmtt/b/it' undefined
(Font)              using `T1/cmtt/b/n' instead on input line 103.


LaTeX Font Warning: Font shape `T1/cmtt/b/sl' undefined
(Font)              using `T1/cmtt/b/it' instead on input line 103.


LaTeX Font Warning: Font shape `T1/cmtt/b/scit' undefined
(Font)              using `T1/cmtt/b/sc' instead on input line 103.


LaTeX Font Warning: Font shape `T1/cmtt/b/sc' undefined
(Font)              using `T1/cmtt/b/n' instead on input line 103.


LaTeX Font Warning: Font shape `T1/cmtt/bx/sc' undefined
(Font)              using `T1/cmtt/b/sc' instead on input line 103.

LaTeX Font Info:    Font shape `T1/cmtt/bx/it' in size <10.95> not available
(Font)              Font shape `T1/cmtt/m/it' tried instead on input line 103.

LaTeX Font Warning: Font shape `T1/cmtt/bx/sl' undefined
(Font)              using `T1/cmtt/bx/it' instead on input line 103.


LaTeX Font Warning: Font shape `T1/cmtt/bx/scit' undefined
(Font)              using `T1/cmtt/bx/sc' instead on input line 103.


LaTeX Font Warning: Font shape `T1/cmtt/bx/sc' undefined
(Font)              using `T1/cmtt/bx/n' instead on input line 103.

LaTeX Font Info:    Font shape `T1/cmtt/bx/n' in size <10.95> not available
(Font)              Font shape `T1/cmtt/m/n' tried instead on input line 103.

LaTeX Font Warning: Font shape `T1/cmtt/sbx/sc' undefined
(Font)              using `T1/cmtt/sb/sc' instead on input line 103.


LaTeX Font Warning: Font shape `T1/cmtt/sb/n' undefined
(Font)              using `T1/cmtt/m/n' instead on input line 103.


LaTeX Font Warning: Font shape `T1/cmtt/sb/it' undefined
(Font)              using `T1/cmtt/sb/n' instead on input line 103.


LaTeX Font Warning: Font shape `T1/cmtt/sb/sl' undefined
(Font)              using `T1/cmtt/sb/it' instead on input line 103.


LaTeX Font Warning: Font shape `T1/cmtt/sb/scit' undefined
(Font)              using `T1/cmtt/sb/sc' instead on input line 103.


LaTeX Font Warning: Font shape `T1/cmtt/sb/sc' undefined
(Font)              using `T1/cmtt/sb/n' instead on input line 103.


LaTeX Font Warning: Font shape `T1/cmtt/sbc/sc' undefined
(Font)              using `T1/cmtt/c/sc' instead on input line 103.


LaTeX Font Warning: Font shape `T1/cmtt/c/n' undefined
(Font)              using `T1/cmtt/m/n' instead on input line 103.


LaTeX Font Warning: Font shape `T1/cmtt/c/it' undefined
(Font)              using `T1/cmtt/c/n' instead on input line 103.


LaTeX Font Warning: Font shape `T1/cmtt/c/sl' undefined
(Font)              using `T1/cmtt/c/it' instead on input line 103.


LaTeX Font Warning: Font shape `T1/cmtt/c/scit' undefined
(Font)              using `T1/cmtt/c/sc' instead on input line 103.


LaTeX Font Warning: Font shape `T1/cmtt/c/sc' undefined
(Font)              using `T1/cmtt/c/n' instead on input line 103.


LaTeX Font Warning: Font shape `T1/cmtt/lc/sc' undefined
(Font)              using `T1/cmtt/l/sc' instead on input line 103.


LaTeX Font Warning: Font shape `T1/cmtt/l/n' undefined
(Font)              using `T1/cmtt/m/n' instead on input line 103.


LaTeX Font Warning: Font shape `T1/cmtt/l/it' undefined
(Font)              using `T1/cmtt/l/n' instead on input line 103.


LaTeX Font Warning: Font shape `T1/cmtt/l/sl' undefined
(Font)              using `T1/cmtt/l/it' instead on input line 103.


LaTeX Font Warning: Font shape `T1/cmtt/l/scit' undefined
(Font)              using `T1/cmtt/l/sc' instead on input line 103.


LaTeX Font Warning: Font shape `T1/cmtt/l/sc' undefined
(Font)              using `T1/cmtt/l/n' instead on input line 103.


LaTeX Font Warning: Font shape `T1/cmtt/m/ui' undefined
(Font)              using `T1/cmtt/m/n' instead on input line 103.


LaTeX Font Warning: Font shape `T1/cmtt/bx/ui' undefined
(Font)              using `T1/cmtt/bx/n' instead on input line 103.


LaTeX Font Warning: Font shape `T1/cmtt/m/In' undefined
(Font)              using `T1/cmtt/m/n' instead on input line 103.

(/Users/MarkusTraetli/Desktop/Masteroppgave final/LaTeX/Sections/forside.tex
*geometry* verbose mode - [ newgeometry ] result:
* driver: pdftex
* paper: b5paper
* layout: <same size as paper>
* layoutoffset:(h,v)=(0.0pt,0.0pt)
* modes: twoside 
* h-part:(L,W,R)=(115.63243pt, 240.59607pt, 144.54pt)
* v-part:(T,H,B)=(85.35913pt, 497.92105pt, 128.03871pt)
* \paperwidth=500.7685pt
* \paperheight=711.3189pt
* \textwidth=240.59607pt
* \textheight=497.92105pt
* \oddsidemargin=43.36244pt
* \evensidemargin=72.27pt
* \topmargin=-23.91086pt
* \headheight=12.0pt
* \headsep=25.0pt
* \topskip=11.0pt
* \footskip=30.0pt
* \marginparwidth=47.0pt
* \marginparsep=10.0pt
* \columnsep=10.0pt
* \skip\footins=10.0pt plus 4.0pt minus 2.0pt
* \hoffset=0.0pt
* \voffset=0.0pt
* \mag=1000
* \@twocolumnfalse
* \@twosidetrue
* \@mparswitchtrue
* \@reversemarginfalse
* (1in=72.27pt=25.4mm, 1cm=28.453pt)

<Figures/NTNU-Bred.pdf, id=220, 1141.53944pt x 107.07617pt>
File: Figures/NTNU-Bred.pdf Graphic file (type pdf)
<use Figures/NTNU-Bred.pdf>
Package pdftex.def Info: Figures/NTNU-Bred.pdf  used on input line 11.
(pdftex.def)             Requested size: 240.59607pt x 22.56671pt.

Overfull \hbox (0.59781pt too wide) in paragraph at lines 15--16
\T1/cmr/bx/n/17.28 in time trends of age-stratified
 []


Underfull \hbox (badness 10000) in paragraph at lines 15--16

 []


Underfull \hbox (badness 10000) in paragraph at lines 26--30

 []


Underfull \hbox (badness 10000) in paragraph at lines 32--35

 []

[1


{/usr/local/texlive/2020/texmf-var/fonts/map/pdftex/updmap/pdftex.map} </Users/MarkusTraetli/Desktop/Masteroppgave final/LaTeX/Figures/NTNU-Bred.pdf>]pdfTeX warning (ext4): destination with the same identifier (name{page.i}) has been already used, duplicate ignored
<to be read again> 
                   \relax 
l.37 \myemptypage
                  %empty page such that the abstract starts at the first rig... [1

]) (/Users/MarkusTraetli/Desktop/Masteroppgave final/LaTeX/./Sections/abstract_en.tex

LaTeX Font Warning: Font shape `T1/cmr/bx/n' in size <20> not available
(Font)              size <20.74> substituted on input line 1.

)pdfTeX warning (ext4): destination with the same identifier (name{page.i}) has been already used, duplicate ignored
<to be read again> 
                   \relax 
l.124 \cleardoublepage
                       [1

] [2

] (/Users/MarkusTraetli/Desktop/Masteroppgave final/LaTeX/./Sections/abstract_no.tex) [3] [4

] (/Users/MarkusTraetli/Desktop/Masteroppgave final/LaTeX/./Sections/preface.tex) [5] [6

] (/Users/MarkusTraetli/Desktop/Masteroppgave final/LaTeX/main.toc
LaTeX Font Info:    Trying to load font information for U+msa on input line 3.
 (/usr/local/texlive/2020/texmf-dist/tex/latex/amsfonts/umsa.fd
File: umsa.fd 2013/01/14 v3.01 AMS symbols A
)
LaTeX Font Info:    Trying to load font information for U+msb on input line 3.
 (/usr/local/texlive/2020/texmf-dist/tex/latex/amsfonts/umsb.fd
File: umsb.fd 2013/01/14 v3.01 AMS symbols B
) [7])
\tf@toc=\write5
\openout5 = `main.toc'.

 [8] (/Users/MarkusTraetli/Desktop/Masteroppgave final/LaTeX/./Sections/1 Introduction.tex

LaTeX Font Warning: Font shape `T1/cmr/bx/n' in size <15> not available
(Font)              size <14.4> substituted on input line 1.


Underfull \vbox (badness 10000) has occurred while \output is active []

 [1

]
Underfull \vbox (badness 10000) has occurred while \output is active []

 [2]
Underfull \vbox (badness 10000) has occurred while \output is active []

 [3]
Underfull \vbox (badness 10000) has occurred while \output is active []

 [4] [5]) [6] (/Users/MarkusTraetli/Desktop/Masteroppgave final/LaTeX/./Sections/2 Survey data in American households.tex [7]
Underfull \vbox (badness 1043) has occurred while \output is active []

 [8]
Underfull \vbox (badness 1762) has occurred while \output is active []

 [9]
<Figures/numbers.pdf, id=510, 867.24pt x 1011.78pt>
File: Figures/numbers.pdf Graphic file (type pdf)
<use Figures/numbers.pdf>
Package pdftex.def Info: Figures/numbers.pdf  used on input line 27.
(pdftex.def)             Requested size: 280.43019pt x 327.17268pt.
<Figures/number_prop_legend_m.pdf, id=511, 216.81pt x 361.35pt>
File: Figures/number_prop_legend_m.pdf Graphic file (type pdf)
<use Figures/number_prop_legend_m.pdf>
Package pdftex.def Info: Figures/number_prop_legend_m.pdf  used on input line 33.
(pdftex.def)             Requested size: 70.1062pt x 116.84187pt.
<Figures/proportions.pdf, id=512, 867.24pt x 1011.78pt>
File: Figures/proportions.pdf Graphic file (type pdf)
<use Figures/proportions.pdf>
Package pdftex.def Info: Figures/proportions.pdf  used on input line 44.
(pdftex.def)             Requested size: 280.43019pt x 327.17268pt.
File: Figures/number_prop_legend_m.pdf Graphic file (type pdf)
<use Figures/number_prop_legend_m.pdf>
Package pdftex.def Info: Figures/number_prop_legend_m.pdf  used on input line 50.
(pdftex.def)             Requested size: 70.1062pt x 116.84187pt.

Underfull \vbox (badness 1043) has occurred while \output is active []

 [10] [11 </Users/MarkusTraetli/Desktop/Masteroppgave final/LaTeX/Figures/numbers.pdf> </Users/MarkusTraetli/Desktop/Masteroppgave final/LaTeX/Figures/number_prop_legend_m.pdf>] [12 </Users/MarkusTraetli/Desktop/Masteroppgave final/LaTeX/Figures/proportions.pdf>]
<Figures/rateplot_age_f.pdf, id=545, 867.24pt x 722.7pt>
File: Figures/rateplot_age_f.pdf Graphic file (type pdf)
<use Figures/rateplot_age_f.pdf>
Package pdftex.def Info: Figures/rateplot_age_f.pdf  used on input line 64.
(pdftex.def)             Requested size: 280.43019pt x 233.69476pt.

Overfull \hbox (105.16199pt too wide) in paragraph at lines 64--65
 [][] 
 []

<Figures/rateplot_age_legend_f.pdf, id=546, 216.81pt x 505.89pt>
File: Figures/rateplot_age_legend_f.pdf Graphic file (type pdf)
<use Figures/rateplot_age_legend_f.pdf>
Package pdftex.def Info: Figures/rateplot_age_legend_f.pdf  used on input line 68.
(pdftex.def)             Requested size: 70.1062pt x 163.57861pt.
<Figures/rateplot_age_m.pdf, id=547, 867.24pt x 722.7pt>
File: Figures/rateplot_age_m.pdf Graphic file (type pdf)
<use Figures/rateplot_age_m.pdf>
Package pdftex.def Info: Figures/rateplot_age_m.pdf  used on input line 78.
(pdftex.def)             Requested size: 280.43019pt x 233.69476pt.

Overfull \hbox (105.16199pt too wide) in paragraph at lines 78--79
 [][] 
 []

<Figures/rateplot_age_legend_m.pdf, id=548, 216.81pt x 505.89pt>
File: Figures/rateplot_age_legend_m.pdf Graphic file (type pdf)
<use Figures/rateplot_age_legend_m.pdf>
Package pdftex.def Info: Figures/rateplot_age_legend_m.pdf  used on input line 82.
(pdftex.def)             Requested size: 70.1062pt x 163.57861pt.
<Figures/rateplot_cohort_f.pdf, id=557, 867.24pt x 722.7pt>
File: Figures/rateplot_cohort_f.pdf Graphic file (type pdf)
<use Figures/rateplot_cohort_f.pdf>
Package pdftex.def Info: Figures/rateplot_cohort_f.pdf  used on input line 95.
(pdftex.def)             Requested size: 280.43019pt x 233.69476pt.

Overfull \hbox (105.16199pt too wide) in paragraph at lines 95--96
 [][] 
 []

<Figures/rateplot_cohort_legend_f.pdf, id=558, 216.81pt x 505.89pt>
File: Figures/rateplot_cohort_legend_f.pdf Graphic file (type pdf)
<use Figures/rateplot_cohort_legend_f.pdf>
Package pdftex.def Info: Figures/rateplot_cohort_legend_f.pdf  used on input line 99.
(pdftex.def)             Requested size: 70.1062pt x 163.57861pt.
<Figures/rateplot_cohort_m.pdf, id=559, 867.24pt x 722.7pt>
File: Figures/rateplot_cohort_m.pdf Graphic file (type pdf)
<use Figures/rateplot_cohort_m.pdf>
Package pdftex.def Info: Figures/rateplot_cohort_m.pdf  used on input line 109.
(pdftex.def)             Requested size: 280.43019pt x 233.69476pt.

Overfull \hbox (105.16199pt too wide) in paragraph at lines 109--110
 [][] 
 []

<Figures/rateplot_cohort_legend_m.pdf, id=560, 216.81pt x 505.89pt>
File: Figures/rateplot_cohort_legend_m.pdf Graphic file (type pdf)
<use Figures/rateplot_cohort_legend_m.pdf>
Package pdftex.def Info: Figures/rateplot_cohort_legend_m.pdf  used on input line 113.
(pdftex.def)             Requested size: 70.1062pt x 163.57861pt.

Underfull \vbox (badness 1043) has occurred while \output is active []

 [13]
Underfull \vbox (badness 10000) has occurred while \output is active []

 [14 </Users/MarkusTraetli/Desktop/Masteroppgave final/LaTeX/Figures/rateplot_age_f.pdf> </Users/MarkusTraetli/Desktop/Masteroppgave final/LaTeX/Figures/rateplot_age_legend_f.pdf>]) [15 </Users/MarkusTraetli/Desktop/Masteroppgave final/LaTeX/Figures/rateplot_age_m.pdf> </Users/MarkusTraetli/Desktop/Masteroppgave final/LaTeX/Figures/rateplot_age_legend_m.pdf>] [16 </Users/MarkusTraetli/Desktop/Masteroppgave final/LaTeX/Figures/rateplot_cohort_f.pdf> </Users/MarkusTraetli/Desktop/Masteroppgave final/LaTeX/Figures/rateplot_cohort_legend_f.pdf>] [17 </Users/MarkusTraetli/Desktop/Masteroppgave final/LaTeX/Figures/rateplot_cohort_m.pdf> </Users/MarkusTraetli/Desktop/Masteroppgave final/LaTeX/Figures/rateplot_cohort_legend_m.pdf>] (/Users/MarkusTraetli/Desktop/Masteroppgave final/LaTeX/./Sections/3 Age-period-Cohort models.tex
Underfull \vbox (badness 10000) has occurred while \output is active []

 [18


]

pdfTeX warning: pdflatex (file /Users/MarkusTraetli/Desktop/Masteroppgave final/LaTeX/./Figures/Lexis.pdf): PDF inclusion: found PDF version <1.7>, but at most version <1.5> allowed
<./Figures/Lexis.pdf, id=673, 648.02098pt x 505.89pt>
File: ./Figures/Lexis.pdf Graphic file (type pdf)
<use ./Figures/Lexis.pdf>
Package pdftex.def Info: ./Figures/Lexis.pdf  used on input line 12.
(pdftex.def)             Requested size: 280.43019pt x 218.92563pt.
[19]
Underfull \vbox (badness 10000) has occurred while \output is active []

 [20 </Users/MarkusTraetli/Desktop/Masteroppgave final/LaTeX/./Figures/Lexis.pdf>] [21] [22]
Underfull \vbox (badness 10000) has occurred while \output is active []

 [23]
Overfull \hbox (1.4063pt too wide) in paragraph at lines 50--51
[]\T1/cmr/m/n/10.95 For fu-ture ref-er-ence of dif-fer-ent spec-i-fi-ca-tions of shared and stratum-specific
 []

[24] [25]
Underfull \vbox (badness 10000) has occurred while \output is active []

 [26]
Underfull \vbox (badness 10000) has occurred while \output is active []

 [27]
Underfull \vbox (badness 10000) has occurred while \output is active []

 [28]) [29] (/Users/MarkusTraetli/Desktop/Masteroppgave final/LaTeX/./Sections/4 Bayesian inference.tex
Underfull \vbox (badness 1019) has occurred while \output is active []

 [30] [31]
Underfull \vbox (badness 2735) has occurred while \output is active []

 [32]
Underfull \vbox (badness 10000) has occurred while \output is active []

 [33] [34] [35]
Underfull \vbox (badness 10000) has occurred while \output is active []

 [36] [37] [38]) [39] (/Users/MarkusTraetli/Desktop/Masteroppgave final/LaTeX/./Sections/5 Application 1.tex
Underfull \vbox (badness 10000) has occurred while \output is active []

 [40]
Underfull \vbox (badness 2111) has occurred while \output is active []

 [41]
Underfull \vbox (badness 1242) has occurred while \output is active []

 [42]
Underfull \vbox (badness 10000) has occurred while \output is active []

 [43] [44] [45] [46]
Underfull \vbox (badness 10000) has occurred while \output is active []

 [47]
<Figures/Tree_some_annot.pdf, id=1013, 372.09485pt x 397.5677pt>
File: Figures/Tree_some_annot.pdf Graphic file (type pdf)
<use Figures/Tree_some_annot.pdf>
Package pdftex.def Info: Figures/Tree_some_annot.pdf  used on input line 60.
(pdftex.def)             Requested size: 210.32397pt x 224.71715pt.

Underfull \vbox (badness 10000) has occurred while \output is active []

 [48 </Users/MarkusTraetli/Desktop/Masteroppgave final/LaTeX/Figures/Tree_some_annot.pdf>]
Underfull \vbox (badness 1701) has occurred while \output is active []

 [49] (/Users/MarkusTraetli/Desktop/Masteroppgave final/LaTeX/./Figures/tikz_EK.tex)
Overfull \hbox (15.30637pt too wide) in paragraph at lines 23--83
 [][] 
 []

(/Users/MarkusTraetli/Desktop/Masteroppgave final/LaTeX/./figures/tikz_anti.tex)
Overfull \hbox (15.30637pt too wide) in paragraph at lines 23--92
 [][] 
 []


LaTeX Warning: `!h' float specifier changed to `!ht'.

(/Users/MarkusTraetli/Desktop/Masteroppgave final/LaTeX/./Figures/tikz_dir.tex)
<./Figures/prior_V.pdf, id=1047, 361.35pt x 361.35pt>
File: ./Figures/prior_V.pdf Graphic file (type pdf)
<use ./Figures/prior_V.pdf>
Package pdftex.def Info: ./Figures/prior_V.pdf  used on input line 113.
(pdftex.def)             Requested size: 122.68988pt x 122.68645pt.
<Figures/prior_dir4.pdf, id=1048, 361.35pt x 361.35pt>
File: Figures/prior_dir4.pdf Graphic file (type pdf)
<use Figures/prior_dir4.pdf>
Package pdftex.def Info: Figures/prior_dir4.pdf  used on input line 120.
(pdftex.def)             Requested size: 122.68988pt x 122.68645pt.


LaTeX Warning: `!h' float specifier changed to `!ht'.

<Figures/prior_rest.pdf, id=1053, 867.24pt x 289.08pt>
File: Figures/prior_rest.pdf Graphic file (type pdf)
<use Figures/prior_rest.pdf>
Package pdftex.def Info: Figures/prior_rest.pdf  used on input line 134.
(pdftex.def)             Requested size: 347.03296pt x 115.67847pt.
<Figures/prior_rest_anti.pdf, id=1054, 867.24pt x 289.08pt>
File: Figures/prior_rest_anti.pdf Graphic file (type pdf)
<use Figures/prior_rest_anti.pdf>
Package pdftex.def Info: Figures/prior_rest_anti.pdf  used on input line 142.
(pdftex.def)             Requested size: 347.03296pt x 115.67847pt.

LaTeX Warning: `!h' float specifier changed to `!ht'.

[50] [51] [52 </Users/MarkusTraetli/Desktop/Masteroppgave final/LaTeX/./Figures/prior_V.pdf> </Users/MarkusTraetli/Desktop/Masteroppgave final/LaTeX/Figures/prior_dir4.pdf>] [53 </Users/MarkusTraetli/Desktop/Masteroppgave final/LaTeX/Figures/prior_rest.pdf> </Users/MarkusTraetli/Desktop/Masteroppgave final/LaTeX/Figures/prior_rest_anti.pdf>]
Underfull \vbox (badness 10000) has occurred while \output is active []

 [54

] (/Users/MarkusTraetli/Desktop/Masteroppgave final/LaTeX/./Figures/model_selection.tex) [55] [56]
<Figures/compare_plots_s0_f.pdf, id=1146, 578.16pt x 289.08pt>
File: Figures/compare_plots_s0_f.pdf Graphic file (type pdf)
<use Figures/compare_plots_s0_f.pdf>
Package pdftex.def Info: Figures/compare_plots_s0_f.pdf  used on input line 184.
(pdftex.def)             Requested size: 280.43019pt x 140.21245pt.
<Figures/compare_plots_s1_f.pdf, id=1149, 578.16pt x 289.08pt>
File: Figures/compare_plots_s1_f.pdf Graphic file (type pdf)
<use Figures/compare_plots_s1_f.pdf>
Package pdftex.def Info: Figures/compare_plots_s1_f.pdf  used on input line 193.
(pdftex.def)             Requested size: 280.43019pt x 140.21245pt.
<Figures/compare_plots_s2_f.pdf, id=1150, 578.16pt x 289.08pt>
File: Figures/compare_plots_s2_f.pdf Graphic file (type pdf)
<use Figures/compare_plots_s2_f.pdf>
Package pdftex.def Info: Figures/compare_plots_s2_f.pdf  used on input line 201.
(pdftex.def)             Requested size: 280.43019pt x 140.21245pt.
<Figures/compare_plots_s3_f.pdf, id=1151, 578.16pt x 289.08pt>
File: Figures/compare_plots_s3_f.pdf Graphic file (type pdf)
<use Figures/compare_plots_s3_f.pdf>
Package pdftex.def Info: Figures/compare_plots_s3_f.pdf  used on input line 209.
(pdftex.def)             Requested size: 280.43019pt x 140.21245pt.


LaTeX Warning: Float too large for page by 39.5731pt on input line 217.

[57] [58 </Users/MarkusTraetli/Desktop/Masteroppgave final/LaTeX/Figures/compare_plots_s0_f.pdf>] [59 </Users/MarkusTraetli/Desktop/Masteroppgave final/LaTeX/Figures/compare_plots_s1_f.pdf> </Users/MarkusTraetli/Desktop/Masteroppgave final/LaTeX/Figures/compare_plots_s2_f.pdf> </Users/MarkusTraetli/Desktop/Masteroppgave final/LaTeX/Figures/compare_plots_s3_f.pdf>]
<Figures/best_lincomb_age.pdf, id=1211, 1084.05pt x 361.35pt>
File: Figures/best_lincomb_age.pdf Graphic file (type pdf)
<use Figures/best_lincomb_age.pdf>
Package pdftex.def Info: Figures/best_lincomb_age.pdf  used on input line 235.
(pdftex.def)             Requested size: 350.5364pt x 116.84187pt.
<Figures/best_lincomb_cohort.pdf, id=1212, 1084.05pt x 361.35pt>
File: Figures/best_lincomb_cohort.pdf Graphic file (type pdf)
<use Figures/best_lincomb_cohort.pdf>
Package pdftex.def Info: Figures/best_lincomb_cohort.pdf  used on input line 243.
(pdftex.def)             Requested size: 350.5364pt x 116.84187pt.


LaTeX Warning: `!h' float specifier changed to `!ht'.

[60

]
Underfull \vbox (badness 10000) has occurred while \output is active []

 [61 </Users/MarkusTraetli/Desktop/Masteroppgave final/LaTeX/Figures/best_lincomb_age.pdf> </Users/MarkusTraetli/Desktop/Masteroppgave final/LaTeX/Figures/best_lincomb_cohort.pdf>]
<Figures/lincomb_age_f.pdf, id=1241, 1084.05pt x 361.35pt>
File: Figures/lincomb_age_f.pdf Graphic file (type pdf)
<use Figures/lincomb_age_f.pdf>
Package pdftex.def Info: Figures/lincomb_age_f.pdf  used on input line 267.
(pdftex.def)             Requested size: 350.5364pt x 116.84187pt.
<Figures/lincomb_period_f.pdf, id=1242, 1084.05pt x 361.35pt>
File: Figures/lincomb_period_f.pdf Graphic file (type pdf)
<use Figures/lincomb_period_f.pdf>
Package pdftex.def Info: Figures/lincomb_period_f.pdf  used on input line 275.
(pdftex.def)             Requested size: 350.5364pt x 116.84187pt.
<Figures/lincomb_cohort_f.pdf, id=1243, 1084.05pt x 361.35pt>
File: Figures/lincomb_cohort_f.pdf Graphic file (type pdf)
<use Figures/lincomb_cohort_f.pdf>
Package pdftex.def Info: Figures/lincomb_cohort_f.pdf  used on input line 283.
(pdftex.def)             Requested size: 350.5364pt x 116.84187pt.
<Figures/lincomb_age_m.pdf, id=1244, 1084.05pt x 361.35pt>
File: Figures/lincomb_age_m.pdf Graphic file (type pdf)
<use Figures/lincomb_age_m.pdf>
Package pdftex.def Info: Figures/lincomb_age_m.pdf  used on input line 298.
(pdftex.def)             Requested size: 350.5364pt x 116.84187pt.
<Figures/lincomb_period_m.pdf, id=1245, 1084.05pt x 361.35pt>
File: Figures/lincomb_period_m.pdf Graphic file (type pdf)
<use Figures/lincomb_period_m.pdf>
Package pdftex.def Info: Figures/lincomb_period_m.pdf  used on input line 306.
(pdftex.def)             Requested size: 350.5364pt x 116.84187pt.
<Figures/lincomb_cohort_m.pdf, id=1246, 1084.05pt x 361.35pt>
File: Figures/lincomb_cohort_m.pdf Graphic file (type pdf)
<use Figures/lincomb_cohort_m.pdf>
Package pdftex.def Info: Figures/lincomb_cohort_m.pdf  used on input line 314.
(pdftex.def)             Requested size: 350.5364pt x 116.84187pt.
 [62] [63 </Users/MarkusTraetli/Desktop/Masteroppgave final/LaTeX/Figures/lincomb_age_f.pdf> </Users/MarkusTraetli/Desktop/Masteroppgave final/LaTeX/Figures/lincomb_period_f.pdf> </Users/MarkusTraetli/Desktop/Masteroppgave final/LaTeX/Figures/lincomb_cohort_f.pdf>] [64 </Users/MarkusTraetli/Desktop/Masteroppgave final/LaTeX/Figures/lincomb_age_m.pdf> </Users/MarkusTraetli/Desktop/Masteroppgave final/LaTeX/Figures/lincomb_period_m.pdf> </Users/MarkusTraetli/Desktop/Masteroppgave final/LaTeX/Figures/lincomb_cohort_m.pdf>]
Underfull \vbox (badness 10000) has occurred while \output is active []

 [65] [66] [67] [68] [69] [70]) [71] (/Users/MarkusTraetli/Desktop/Masteroppgave final/LaTeX/./Sections/6 Application 2.tex
Underfull \vbox (badness 10000) has occurred while \output is active []

 [72]
Underfull \vbox (badness 10000) has occurred while \output is active []

 [73] [74]
Underfull \vbox (badness 1983) has occurred while \output is active []

 [75]
Underfull \vbox (badness 10000) has occurred while \output is active []

 [76] [77] (/Users/MarkusTraetli/Desktop/Masteroppgave final/LaTeX/./Figures/model_selection_survey.tex

LaTeX Warning: `!h' float specifier changed to `!ht'.

) [78] [79]
<Figures/lincomb_hajek_f_age.pdf, id=1497, 1084.05pt x 361.35pt>
File: Figures/lincomb_hajek_f_age.pdf Graphic file (type pdf)
<use Figures/lincomb_hajek_f_age.pdf>
Package pdftex.def Info: Figures/lincomb_hajek_f_age.pdf  used on input line 84.
(pdftex.def)             Requested size: 350.5364pt x 116.84187pt.
<Figures/lincomb_hajek_f_cohort.pdf, id=1498, 1084.05pt x 361.35pt>
File: Figures/lincomb_hajek_f_cohort.pdf Graphic file (type pdf)
<use Figures/lincomb_hajek_f_cohort.pdf>
Package pdftex.def Info: Figures/lincomb_hajek_f_cohort.pdf  used on input line 92.
(pdftex.def)             Requested size: 350.5364pt x 116.84187pt.


LaTeX Warning: `!h' float specifier changed to `!ht'.

<Figures/lincomb_hajek_m_age.pdf, id=1499, 1084.05pt x 361.35pt>
File: Figures/lincomb_hajek_m_age.pdf Graphic file (type pdf)
<use Figures/lincomb_hajek_m_age.pdf>
Package pdftex.def Info: Figures/lincomb_hajek_m_age.pdf  used on input line 107.
(pdftex.def)             Requested size: 350.5364pt x 116.84187pt.
<Figures/lincomb_hajek_m_cohort.pdf, id=1500, 1084.05pt x 361.35pt>
File: Figures/lincomb_hajek_m_cohort.pdf Graphic file (type pdf)
<use Figures/lincomb_hajek_m_cohort.pdf>
Package pdftex.def Info: Figures/lincomb_hajek_m_cohort.pdf  used on input line 115.
(pdftex.def)             Requested size: 350.5364pt x 116.84187pt.

LaTeX Warning: `!h' float specifier changed to `!ht'.

[80]
Underfull \vbox (badness 10000) has occurred while \output is active []

 [81 </Users/MarkusTraetli/Desktop/Masteroppgave final/LaTeX/Figures/lincomb_hajek_f_age.pdf> </Users/MarkusTraetli/Desktop/Masteroppgave final/LaTeX/Figures/lincomb_hajek_f_cohort.pdf>]
Underfull \vbox (badness 10000) has occurred while \output is active []

 [82 </Users/MarkusTraetli/Desktop/Masteroppgave final/LaTeX/Figures/lincomb_hajek_m_age.pdf> </Users/MarkusTraetli/Desktop/Masteroppgave final/LaTeX/Figures/lincomb_hajek_m_cohort.pdf>]
<Figures/lincomb_age_f_survey.pdf, id=1564, 1084.05pt x 361.35pt>
File: Figures/lincomb_age_f_survey.pdf Graphic file (type pdf)
<use Figures/lincomb_age_f_survey.pdf>
Package pdftex.def Info: Figures/lincomb_age_f_survey.pdf  used on input line 140.
(pdftex.def)             Requested size: 350.5364pt x 116.84187pt.
<Figures/lincomb_period_f_survey.pdf, id=1565, 1084.05pt x 361.35pt>
File: Figures/lincomb_period_f_survey.pdf Graphic file (type pdf)
<use Figures/lincomb_period_f_survey.pdf>
Package pdftex.def Info: Figures/lincomb_period_f_survey.pdf  used on input line 148.
(pdftex.def)             Requested size: 350.5364pt x 116.84187pt.
<Figures/lincomb_cohort_f_survey.pdf, id=1566, 1084.05pt x 361.35pt>
File: Figures/lincomb_cohort_f_survey.pdf Graphic file (type pdf)
<use Figures/lincomb_cohort_f_survey.pdf>
Package pdftex.def Info: Figures/lincomb_cohort_f_survey.pdf  used on input line 156.
(pdftex.def)             Requested size: 350.5364pt x 116.84187pt.


LaTeX Warning: Float too large for page by 8.04231pt on input line 161.


LaTeX Warning: `!h' float specifier changed to `!ht'.

<Figures/lincomb_age_m_survey.pdf, id=1567, 1084.05pt x 361.35pt>
File: Figures/lincomb_age_m_survey.pdf Graphic file (type pdf)
<use Figures/lincomb_age_m_survey.pdf>
Package pdftex.def Info: Figures/lincomb_age_m_survey.pdf  used on input line 172.
(pdftex.def)             Requested size: 350.5364pt x 116.84187pt.
<Figures/lincomb_period_m_survey.pdf, id=1568, 1084.05pt x 361.35pt>
File: Figures/lincomb_period_m_survey.pdf Graphic file (type pdf)
<use Figures/lincomb_period_m_survey.pdf>
Package pdftex.def Info: Figures/lincomb_period_m_survey.pdf  used on input line 180.
(pdftex.def)             Requested size: 350.5364pt x 116.84187pt.
<Figures/lincomb_cohort_m_survey.pdf, id=1569, 1084.05pt x 361.35pt>
File: Figures/lincomb_cohort_m_survey.pdf Graphic file (type pdf)
<use Figures/lincomb_cohort_m_survey.pdf>
Package pdftex.def Info: Figures/lincomb_cohort_m_survey.pdf  used on input line 188.
(pdftex.def)             Requested size: 350.5364pt x 116.84187pt.

LaTeX Warning: Float too large for page by 8.04231pt on input line 193.


LaTeX Warning: `!h' float specifier changed to `!ht'.

[83] [84 </Users/MarkusTraetli/Desktop/Masteroppgave final/LaTeX/Figures/lincomb_age_f_survey.pdf> </Users/MarkusTraetli/Desktop/Masteroppgave final/LaTeX/Figures/lincomb_period_f_survey.pdf> </Users/MarkusTraetli/Desktop/Masteroppgave final/LaTeX/Figures/lincomb_cohort_f_survey.pdf>] [85 </Users/MarkusTraetli/Desktop/Masteroppgave final/LaTeX/Figures/lincomb_age_m_survey.pdf> </Users/MarkusTraetli/Desktop/Masteroppgave final/LaTeX/Figures/lincomb_period_m_survey.pdf> </Users/MarkusTraetli/Desktop/Masteroppgave final/LaTeX/Figures/lincomb_cohort_m_survey.pdf>] [86

] [87]
Underfull \vbox (badness 2111) has occurred while \output is active []

 [88]
Underfull \vbox (badness 1024) has occurred while \output is active []

 [89] [90]
<Figures/lincomb_survey_filtered_age_f.pdf, id=1683, 1084.05pt x 361.35pt>
File: Figures/lincomb_survey_filtered_age_f.pdf Graphic file (type pdf)
<use Figures/lincomb_survey_filtered_age_f.pdf>
Package pdftex.def Info: Figures/lincomb_survey_filtered_age_f.pdf  used on input line 246.
(pdftex.def)             Requested size: 350.5364pt x 116.84187pt.
<Figures/lincomb_survey_filtered_cohort_f.pdf, id=1684, 1084.05pt x 361.35pt>
File: Figures/lincomb_survey_filtered_cohort_f.pdf Graphic file (type pdf)
<use Figures/lincomb_survey_filtered_cohort_f.pdf>
Package pdftex.def Info: Figures/lincomb_survey_filtered_cohort_f.pdf  used on input line 254.
(pdftex.def)             Requested size: 350.5364pt x 116.84187pt.


LaTeX Warning: `!h' float specifier changed to `!ht'.

<Figures/lincomb_survey_filtered_age_m.pdf, id=1685, 1084.05pt x 361.35pt>
File: Figures/lincomb_survey_filtered_age_m.pdf Graphic file (type pdf)
<use Figures/lincomb_survey_filtered_age_m.pdf>
Package pdftex.def Info: Figures/lincomb_survey_filtered_age_m.pdf  used on input line 268.
(pdftex.def)             Requested size: 350.5364pt x 116.84187pt.
<Figures/lincomb_survey_filtered_cohort_m.pdf, id=1686, 1084.05pt x 361.35pt>
File: Figures/lincomb_survey_filtered_cohort_m.pdf Graphic file (type pdf)
<use Figures/lincomb_survey_filtered_cohort_m.pdf>
Package pdftex.def Info: Figures/lincomb_survey_filtered_cohort_m.pdf  used on input line 276.
(pdftex.def)             Requested size: 350.5364pt x 116.84187pt.

LaTeX Warning: `!h' float specifier changed to `!ht'.

[91] [92 </Users/MarkusTraetli/Desktop/Masteroppgave final/LaTeX/Figures/lincomb_survey_filtered_age_f.pdf> </Users/MarkusTraetli/Desktop/Masteroppgave final/LaTeX/Figures/lincomb_survey_filtered_cohort_f.pdf>] [93 </Users/MarkusTraetli/Desktop/Masteroppgave final/LaTeX/Figures/lincomb_survey_filtered_age_m.pdf> </Users/MarkusTraetli/Desktop/Masteroppgave final/LaTeX/Figures/lincomb_survey_filtered_cohort_m.pdf>]
Underfull \vbox (badness 1701) has occurred while \output is active []

 [94

]) [95] (/Users/MarkusTraetli/Desktop/Masteroppgave final/LaTeX/./Sections/7 Conclusion.tex
Underfull \vbox (badness 10000) has occurred while \output is active []

 [96]) [97] (/Users/MarkusTraetli/Desktop/Masteroppgave final/LaTeX/main.bbl [98] [99] [100] [101]
Underfull \hbox (badness 5119) in paragraph at lines 245--248
[]\T1/cmr/m/n/10.95 Lexis, W. H. R. A. (1875).  \T1/cmr/m/it/10.95 Ein-leitung in die The-o-rie der
 []

[102]
Underfull \hbox (badness 4518) in paragraph at lines 304--309
[]\T1/cmr/m/n/10.95 National Cen-ter for Health Statis-tics (2021).  Sur-vey De-scrip-
 []


Underfull \hbox (badness 1132) in paragraph at lines 304--309
\T1/cmr/m/n/10.95 tion, Na-tional Health In-ter-view Sur-vey, 2020, Hy-attsville, Mary-
 []

[103] [104]
Underfull \hbox (badness 2573) in paragraph at lines 439--444
[]\T1/cmr/m/n/10.95 World Health Or-ga-ni-za-tion (2019).  In-ter-na-tional sta-tis-ti-cal clas-
 []


Underfull \hbox (badness 7558) in paragraph at lines 439--444
\T1/cmr/m/n/10.95 si-fi-ca-tion of dis-eases and re-lated health prob-lems. 11th ed.
 []

[105]) [106] (/Users/MarkusTraetli/Desktop/Masteroppgave final/LaTeX/./Sections/Appendix Theory.tex [107] [108]) [109] (/Users/MarkusTraetli/Desktop/Masteroppgave final/LaTeX/./Sections/Appendix A1.tex
<Figures/rw2_age_f.pdf, id=1852, 1084.05pt x 361.35pt>
File: Figures/rw2_age_f.pdf Graphic file (type pdf)
<use Figures/rw2_age_f.pdf>
Package pdftex.def Info: Figures/rw2_age_f.pdf  used on input line 17.
(pdftex.def)             Requested size: 350.5364pt x 116.84187pt.
<Figures/rw2_cohort_f.pdf, id=1853, 1084.05pt x 361.35pt>
File: Figures/rw2_cohort_f.pdf Graphic file (type pdf)
<use Figures/rw2_cohort_f.pdf>
Package pdftex.def Info: Figures/rw2_cohort_f.pdf  used on input line 25.
(pdftex.def)             Requested size: 350.5364pt x 116.84187pt.


LaTeX Warning: `!h' float specifier changed to `!ht'.

<Figures/compare_plots_s0_m.pdf, id=1854, 578.16pt x 289.08pt>
File: Figures/compare_plots_s0_m.pdf Graphic file (type pdf)
<use Figures/compare_plots_s0_m.pdf>
Package pdftex.def Info: Figures/compare_plots_s0_m.pdf  used on input line 36.
(pdftex.def)             Requested size: 280.43019pt x 140.21245pt.

LaTeX Warning: `!h' float specifier changed to `!ht'.

<Figures/compare_plots_s1_m.pdf, id=1857, 578.16pt x 289.08pt>
File: Figures/compare_plots_s1_m.pdf Graphic file (type pdf)
<use Figures/compare_plots_s1_m.pdf>
Package pdftex.def Info: Figures/compare_plots_s1_m.pdf  used on input line 46.
(pdftex.def)             Requested size: 280.43019pt x 140.21245pt.
<Figures/compare_plots_s2_m.pdf, id=1858, 578.16pt x 289.08pt>
File: Figures/compare_plots_s2_m.pdf Graphic file (type pdf)
<use Figures/compare_plots_s2_m.pdf>
Package pdftex.def Info: Figures/compare_plots_s2_m.pdf  used on input line 54.
(pdftex.def)             Requested size: 280.43019pt x 140.21245pt.
<Figures/compare_plots_s3_m.pdf, id=1859, 578.16pt x 289.08pt>
File: Figures/compare_plots_s3_m.pdf Graphic file (type pdf)
<use Figures/compare_plots_s3_m.pdf>
Package pdftex.def Info: Figures/compare_plots_s3_m.pdf  used on input line 62.
(pdftex.def)             Requested size: 280.43019pt x 140.21245pt.

LaTeX Warning: Float too large for page by 25.9731pt on input line 71.


LaTeX Warning: `h' float specifier changed to `ht'.

[110] [111 </Users/MarkusTraetli/Desktop/Masteroppgave final/LaTeX/Figures/rw2_age_f.pdf> </Users/MarkusTraetli/Desktop/Masteroppgave final/LaTeX/Figures/rw2_cohort_f.pdf>] [112 </Users/MarkusTraetli/Desktop/Masteroppgave final/LaTeX/Figures/compare_plots_s0_m.pdf>] [113 </Users/MarkusTraetli/Desktop/Masteroppgave final/LaTeX/Figures/compare_plots_s1_m.pdf> </Users/MarkusTraetli/Desktop/Masteroppgave final/LaTeX/Figures/compare_plots_s2_m.pdf> </Users/MarkusTraetli/Desktop/Masteroppgave final/LaTeX/Figures/compare_plots_s3_m.pdf>] [114

] [115] [116]
Overfull \hbox (1.38298pt too wide) in paragraph at lines 114--115
\T1/cmr/m/n/10.95 ef-fect we wish to in-clude in a lin-ear com-bi-na-tion, the \T1/cmtt/l/it/10.95 inla.make.lincomb()
 []

[117]
<Figures/lincomb_ind_agg_m_age.pdf, id=1984, 1084.05pt x 361.35pt>
File: Figures/lincomb_ind_agg_m_age.pdf Graphic file (type pdf)
<use Figures/lincomb_ind_agg_m_age.pdf>
Package pdftex.def Info: Figures/lincomb_ind_agg_m_age.pdf  used on input line 142.
(pdftex.def)             Requested size: 350.5364pt x 116.84187pt.
<Figures/lincomb_ind_agg_m_cohort.pdf, id=1985, 1084.05pt x 361.35pt>
File: Figures/lincomb_ind_agg_m_cohort.pdf Graphic file (type pdf)
<use Figures/lincomb_ind_agg_m_cohort.pdf>
Package pdftex.def Info: Figures/lincomb_ind_agg_m_cohort.pdf  used on input line 150.
(pdftex.def)             Requested size: 350.5364pt x 116.84187pt.


LaTeX Warning: `!h' float specifier changed to `!ht'.

<Figures/compare_plots_indi_s0_f.pdf, id=1986, 578.16pt x 289.08pt>
File: Figures/compare_plots_indi_s0_f.pdf Graphic file (type pdf)
<use Figures/compare_plots_indi_s0_f.pdf>
Package pdftex.def Info: Figures/compare_plots_indi_s0_f.pdf  used on input line 161.
(pdftex.def)             Requested size: 280.43019pt x 140.21245pt.

LaTeX Warning: `!h' float specifier changed to `!ht'.

<Figures/compare_plots_indi_s1_f.pdf, id=1989, 578.16pt x 289.08pt>
File: Figures/compare_plots_indi_s1_f.pdf Graphic file (type pdf)
<use Figures/compare_plots_indi_s1_f.pdf>
Package pdftex.def Info: Figures/compare_plots_indi_s1_f.pdf  used on input line 171.
(pdftex.def)             Requested size: 280.43019pt x 140.21245pt.
<Figures/compare_plots_indi_s2_f.pdf, id=1990, 578.16pt x 289.08pt>
File: Figures/compare_plots_indi_s2_f.pdf Graphic file (type pdf)
<use Figures/compare_plots_indi_s2_f.pdf>
Package pdftex.def Info: Figures/compare_plots_indi_s2_f.pdf  used on input line 179.
(pdftex.def)             Requested size: 280.43019pt x 140.21245pt.
<Figures/compare_plots_indi_s3_f.pdf, id=1991, 578.16pt x 289.08pt>
File: Figures/compare_plots_indi_s3_f.pdf Graphic file (type pdf)
<use Figures/compare_plots_indi_s3_f.pdf>
Package pdftex.def Info: Figures/compare_plots_indi_s3_f.pdf  used on input line 187.
(pdftex.def)             Requested size: 280.43019pt x 140.21245pt.

LaTeX Warning: Float too large for page by 53.17311pt on input line 195.


LaTeX Warning: `h' float specifier changed to `ht'.

[118] [119 </Users/MarkusTraetli/Desktop/Masteroppgave final/LaTeX/Figures/lincomb_ind_agg_m_age.pdf> </Users/MarkusTraetli/Desktop/Masteroppgave final/LaTeX/Figures/lincomb_ind_agg_m_cohort.pdf>] [120 </Users/MarkusTraetli/Desktop/Masteroppgave final/LaTeX/Figures/compare_plots_indi_s0_f.pdf>] [121 </Users/MarkusTraetli/Desktop/Masteroppgave final/LaTeX/Figures/compare_plots_indi_s1_f.pdf> </Users/MarkusTraetli/Desktop/Masteroppgave final/LaTeX/Figures/compare_plots_indi_s2_f.pdf> </Users/MarkusTraetli/Desktop/Masteroppgave final/LaTeX/Figures/compare_plots_indi_s3_f.pdf>]
<Figures/lincomb_survey_filtered_age_f_rw2.pdf, id=2070, 1084.05pt x 361.35pt>
File: Figures/lincomb_survey_filtered_age_f_rw2.pdf Graphic file (type pdf)
<use Figures/lincomb_survey_filtered_age_f_rw2.pdf>
Package pdftex.def Info: Figures/lincomb_survey_filtered_age_f_rw2.pdf  used on input line 211.
(pdftex.def)             Requested size: 350.5364pt x 116.84187pt.
<Figures/lincomb_survey_filtered_cohort_f_rw2.pdf, id=2071, 1084.05pt x 361.35pt>
File: Figures/lincomb_survey_filtered_cohort_f_rw2.pdf Graphic file (type pdf)
<use Figures/lincomb_survey_filtered_cohort_f_rw2.pdf>
Package pdftex.def Info: Figures/lincomb_survey_filtered_cohort_f_rw2.pdf  used on input line 219.
(pdftex.def)             Requested size: 350.5364pt x 116.84187pt.
<Figures/lincomb_survey_filtered_age_m_rw2.pdf, id=2072, 1084.05pt x 361.35pt>
File: Figures/lincomb_survey_filtered_age_m_rw2.pdf Graphic file (type pdf)
<use Figures/lincomb_survey_filtered_age_m_rw2.pdf>
Package pdftex.def Info: Figures/lincomb_survey_filtered_age_m_rw2.pdf  used on input line 232.
(pdftex.def)             Requested size: 350.5364pt x 116.84187pt.
<Figures/lincomb_survey_filtered_cohort_m_rw2.pdf, id=2073, 1084.05pt x 361.35pt>
File: Figures/lincomb_survey_filtered_cohort_m_rw2.pdf Graphic file (type pdf)
<use Figures/lincomb_survey_filtered_cohort_m_rw2.pdf>
Package pdftex.def Info: Figures/lincomb_survey_filtered_cohort_m_rw2.pdf  used on input line 240.
(pdftex.def)             Requested size: 350.5364pt x 116.84187pt.


LaTeX Warning: `!h' float specifier changed to `!ht'.

[122

 </Users/MarkusTraetli/Desktop/Masteroppgave final/LaTeX/Figures/lincomb_survey_filtered_age_f_rw2.pdf> </Users/MarkusTraetli/Desktop/Masteroppgave final/LaTeX/Figures/lincomb_survey_filtered_cohort_f_rw2.pdf>]
Underfull \vbox (badness 1874) has occurred while \output is active []

 [123 </Users/MarkusTraetli/Desktop/Masteroppgave final/LaTeX/Figures/lincomb_survey_filtered_age_m_rw2.pdf> </Users/MarkusTraetli/Desktop/Masteroppgave final/LaTeX/Figures/lincomb_survey_filtered_cohort_m_rw2.pdf>]
Overfull \hbox (11.95427pt too wide) in paragraph at lines 262--263
\T1/cmtt/l/it/10.95 list(hyper = list(prec = list(initial = log(1), fixed = T)))\T1/cmr/m/n/10.95 , and
 []

) [124]
Package atveryend Info: Empty hook `BeforeClearDocument' on input line 203.
Package atveryend Info: Empty hook `AfterLastShipout' on input line 203.
 (/Users/MarkusTraetli/Desktop/Masteroppgave final/LaTeX/main.aux)
Package atveryend Info: Executing hook `AtVeryEndDocument' on input line 203.
Package atveryend Info: Executing hook `AtEndAfterFileList' on input line 203.
Package rerunfilecheck Info: File `main.out' has not changed.
(rerunfilecheck)             Checksum: D5781A176516ED4579BF207B6989B6CD;3992.


LaTeX Font Warning: Size substitutions with differences
(Font)              up to 0.74pt have occurred.


LaTeX Font Warning: Some font shapes were not available, defaults substituted.

 ) 
Here is how much of TeX's memory you used:
 25446 strings out of 480608
 463514 string characters out of 5903630
 900304 words of memory out of 5000000
 40378 multiletter control sequences out of 15000+600000
 554877 words of font info for 78 fonts, out of 8000000 for 9000
 1141 hyphenation exceptions out of 8191
 64i,19n,81p,3179b,1827s stack positions out of 5000i,500n,10000p,200000b,80000s
{/usr/local/texlive/2020/texmf-dist/fonts/enc/dvips/cm-super/cm-super-t1.enc}</usr/local/texlive/2020/texmf-dist/fonts/type1/public/amsfonts/cm/cmex10.pfb></usr/local/texlive/2020/texmf-dist/fonts/type1/public/amsfonts/cm/cmmi10.pfb></usr/local/texlive/2020/texmf-dist/fonts/type1/public/amsfonts/cm/cmmi6.pfb></usr/local/texlive/2020/texmf-dist/fonts/type1/public/amsfonts/cm/cmmi8.pfb></usr/local/texlive/2020/texmf-dist/fonts/type1/public/amsfonts/cm/cmr10.pfb></usr/local/texlive/2020/texmf-dist/fonts/type1/public/amsfonts/cm/cmr6.pfb></usr/local/texlive/2020/texmf-dist/fonts/type1/public/amsfonts/cm/cmr8.pfb></usr/local/texlive/2020/texmf-dist/fonts/type1/public/amsfonts/cm/cmsy10.pfb></usr/local/texlive/2020/texmf-dist/fonts/type1/public/amsfonts/cm/cmsy8.pfb></usr/local/texlive/2020/texmf-dist/fonts/type1/public/amsfonts/symbols/msbm10.pfb></usr/local/texlive/2020/texmf-dist/fonts/type1/public/cm-super/sfbx0900.pfb></usr/local/texlive/2020/texmf-dist/fonts/type1/public/cm-super/sfbx1095.pfb></usr/local/texlive/2020/texmf-dist/fonts/type1/public/cm-super/sfbx1200.pfb></usr/local/texlive/2020/texmf-dist/fonts/type1/public/cm-super/sfbx1440.pfb></usr/local/texlive/2020/texmf-dist/fonts/type1/public/cm-super/sfbx1728.pfb></usr/local/texlive/2020/texmf-dist/fonts/type1/public/cm-super/sfbx2074.pfb></usr/local/texlive/2020/texmf-dist/fonts/type1/public/cm-super/sfrm0800.pfb></usr/local/texlive/2020/texmf-dist/fonts/type1/public/cm-super/sfrm0900.pfb></usr/local/texlive/2020/texmf-dist/fonts/type1/public/cm-super/sfrm1000.pfb></usr/local/texlive/2020/texmf-dist/fonts/type1/public/cm-super/sfrm1095.pfb></usr/local/texlive/2020/texmf-dist/fonts/type1/public/cm-super/sfrm1200.pfb></usr/local/texlive/2020/texmf-dist/fonts/type1/public/cm-super/sfrm1440.pfb></usr/local/texlive/2020/texmf-dist/fonts/type1/public/cm-super/sfsl1095.pfb></usr/local/texlive/2020/texmf-dist/fonts/type1/public/cm-super/sfti1095.pfb></usr/local/texlive/2020/texmf-dist/fonts/type1/public/cm-super/sftt1000.pfb></usr/local/texlive/2020/texmf-dist/fonts/type1/public/cm-super/sftt1095.pfb>
Output written on "/Users/MarkusTraetli/Desktop/Masteroppgave final/LaTeX/main.pdf" (134 pages, 1829741 bytes).
PDF statistics:
 2301 PDF objects out of 2487 (max. 8388607)
 1984 compressed objects within 20 object streams
 349 named destinations out of 1000 (max. 500000)
 737 words of extra memory for PDF output out of 10000 (max. 10000000)

